1659819091.404713 client started (39378): version 3.3a, socket /private/tmp/tmux-501/default, protocol 8
1659819091.404821 on Darwin 21.4.0 Darwin Kernel Version 21.4.0: Mon Feb 21 20:35:58 PST 2022; root:xnu-8020.101.4~2/RELEASE_ARM64_T6000
1659819091.405495 using libevent 2.1.12-stable (select); utf8proc 2.7.0; ncurses 6.3
1659819091.405538 flags are 0x10010000
1659819091.405549 socket is /private/tmp/tmux-501/default
1659819091.405566 trying connect
1659819091.405652 add peer 0x130008000: 6 (0x0)
1659819091.407892 sending message 100 to peer 0x130008000 (4 bytes)
1659819091.407924 sending message 111 to peer 0x130008000 (8 bytes)
1659819091.407935 sending message 101 to peer 0x130008000 (16 bytes)
1659819091.407944 sending message 109 to peer 0x130008000 (4 bytes)
1659819091.407952 sending message 102 to peer 0x130008000 (13 bytes)
1659819091.407960 sending message 108 to peer 0x130008000 (40 bytes)
1659819091.407968 sending message 112 to peer 0x130008000 (70 bytes)
1659819091.407975 sending message 112 to peer 0x130008000 (5 bytes)
1659819091.407983 sending message 112 to peer 0x130008000 (5 bytes)
1659819091.407990 sending message 112 to peer 0x130008000 (6 bytes)
1659819091.407997 sending message 112 to peer 0x130008000 (6 bytes)
1659819091.408004 sending message 112 to peer 0x130008000 (11 bytes)
1659819091.408011 sending message 112 to peer 0x130008000 (10 bytes)
1659819091.408019 sending message 112 to peer 0x130008000 (13 bytes)
1659819091.408026 sending message 112 to peer 0x130008000 (13 bytes)
1659819091.408034 sending message 112 to peer 0x130008000 (18 bytes)
1659819091.408041 sending message 112 to peer 0x130008000 (11 bytes)
1659819091.408049 sending message 112 to peer 0x130008000 (21 bytes)
1659819091.408056 sending message 112 to peer 0x130008000 (13 bytes)
1659819091.408063 sending message 112 to peer 0x130008000 (7 bytes)
1659819091.408070 sending message 112 to peer 0x130008000 (13 bytes)
1659819091.408077 sending message 112 to peer 0x130008000 (7 bytes)
1659819091.408085 sending message 112 to peer 0x130008000 (13 bytes)
1659819091.408092 sending message 112 to peer 0x130008000 (9 bytes)
1659819091.408099 sending message 112 to peer 0x130008000 (21 bytes)
1659819091.408107 sending message 112 to peer 0x130008000 (13 bytes)
1659819091.408114 sending message 112 to peer 0x130008000 (8 bytes)
1659819091.408121 sending message 112 to peer 0x130008000 (12 bytes)
1659819091.408128 sending message 112 to peer 0x130008000 (13 bytes)
1659819091.408135 sending message 112 to peer 0x130008000 (9 bytes)
1659819091.408143 sending message 112 to peer 0x130008000 (9 bytes)
1659819091.408150 sending message 112 to peer 0x130008000 (12 bytes)
1659819091.408157 sending message 112 to peer 0x130008000 (8 bytes)
1659819091.408165 sending message 112 to peer 0x130008000 (7 bytes)
1659819091.408172 sending message 112 to peer 0x130008000 (7 bytes)
1659819091.408179 sending message 112 to peer 0x130008000 (9 bytes)
1659819091.408187 sending message 112 to peer 0x130008000 (13 bytes)
1659819091.408195 sending message 112 to peer 0x130008000 (9 bytes)
1659819091.408202 sending message 112 to peer 0x130008000 (15 bytes)
1659819091.408209 sending message 112 to peer 0x130008000 (13 bytes)
1659819091.408216 sending message 112 to peer 0x130008000 (12 bytes)
1659819091.408223 sending message 112 to peer 0x130008000 (8 bytes)
1659819091.408230 sending message 112 to peer 0x130008000 (14 bytes)
1659819091.408238 sending message 112 to peer 0x130008000 (9 bytes)
1659819091.408245 sending message 112 to peer 0x130008000 (10 bytes)
1659819091.408252 sending message 112 to peer 0x130008000 (10 bytes)
1659819091.408259 sending message 112 to peer 0x130008000 (10 bytes)
1659819091.408266 sending message 112 to peer 0x130008000 (10 bytes)
1659819091.408274 sending message 112 to peer 0x130008000 (11 bytes)
1659819091.408281 sending message 112 to peer 0x130008000 (10 bytes)
1659819091.408288 sending message 112 to peer 0x130008000 (8 bytes)
1659819091.408296 sending message 112 to peer 0x130008000 (11 bytes)
1659819091.408303 sending message 112 to peer 0x130008000 (11 bytes)
1659819091.408338 sending message 112 to peer 0x130008000 (11 bytes)
1659819091.408343 sending message 112 to peer 0x130008000 (8 bytes)
1659819091.408348 sending message 112 to peer 0x130008000 (8 bytes)
1659819091.408352 sending message 112 to peer 0x130008000 (8 bytes)
1659819091.408357 sending message 112 to peer 0x130008000 (10 bytes)
1659819091.408361 sending message 112 to peer 0x130008000 (10 bytes)
1659819091.408366 sending message 112 to peer 0x130008000 (10 bytes)
1659819091.408370 sending message 112 to peer 0x130008000 (10 bytes)
1659819091.408374 sending message 112 to peer 0x130008000 (10 bytes)
1659819091.408379 sending message 112 to peer 0x130008000 (11 bytes)
1659819091.408383 sending message 112 to peer 0x130008000 (11 bytes)
1659819091.408388 sending message 112 to peer 0x130008000 (10 bytes)
1659819091.408392 sending message 112 to peer 0x130008000 (9 bytes)
1659819091.408397 sending message 112 to peer 0x130008000 (9 bytes)
1659819091.408401 sending message 112 to peer 0x130008000 (12 bytes)
1659819091.408405 sending message 112 to peer 0x130008000 (9 bytes)
1659819091.408410 sending message 112 to peer 0x130008000 (6 bytes)
1659819091.408414 sending message 112 to peer 0x130008000 (13 bytes)
1659819091.408419 sending message 112 to peer 0x130008000 (8 bytes)
1659819091.408423 sending message 112 to peer 0x130008000 (15 bytes)
1659819091.408428 sending message 112 to peer 0x130008000 (13 bytes)
1659819091.408432 sending message 112 to peer 0x130008000 (70 bytes)
1659819091.408437 sending message 112 to peer 0x130008000 (69 bytes)
1659819091.408442 sending message 112 to peer 0x130008000 (10 bytes)
1659819091.408447 sending message 112 to peer 0x130008000 (8 bytes)
1659819091.408451 sending message 112 to peer 0x130008000 (15 bytes)
1659819091.408456 sending message 112 to peer 0x130008000 (13 bytes)
1659819091.408461 sending message 112 to peer 0x130008000 (10 bytes)
1659819091.408465 sending message 112 to peer 0x130008000 (10 bytes)
1659819091.408470 sending message 112 to peer 0x130008000 (5 bytes)
1659819091.408474 sending message 112 to peer 0x130008000 (15 bytes)
1659819091.408482 sending message 104 to peer 0x130008000 (0 bytes)
1659819091.408487 sending message 110 to peer 0x130008000 (0 bytes)
1659819091.408492 sending message 107 to peer 0x130008000 (4 bytes)
1659819091.408496 sending message 105 to peer 0x130008000 (44 bytes)
1659819091.408501 sending message 105 to peer 0x130008000 (19 bytes)
1659819091.408505 sending message 105 to peer 0x130008000 (144 bytes)
1659819091.408510 sending message 105 to peer 0x130008000 (61 bytes)
1659819091.408514 sending message 105 to peer 0x130008000 (22 bytes)
1659819091.408518 sending message 105 to peer 0x130008000 (22 bytes)
1659819091.408523 sending message 105 to peer 0x130008000 (32 bytes)
1659819091.408527 sending message 105 to peer 0x130008000 (27 bytes)
1659819091.408532 sending message 105 to peer 0x130008000 (19 bytes)
1659819091.408536 sending message 105 to peer 0x130008000 (60 bytes)
1659819091.408540 sending message 105 to peer 0x130008000 (29 bytes)
1659819091.408544 sending message 105 to peer 0x130008000 (43 bytes)
1659819091.408549 sending message 105 to peer 0x130008000 (43 bytes)
1659819091.408553 sending message 105 to peer 0x130008000 (15 bytes)
1659819091.408557 sending message 105 to peer 0x130008000 (13 bytes)
1659819091.408562 sending message 105 to peer 0x130008000 (20 bytes)
1659819091.408566 sending message 105 to peer 0x130008000 (17 bytes)
1659819091.408571 sending message 105 to peer 0x130008000 (14 bytes)
1659819091.408575 sending message 105 to peer 0x130008000 (18 bytes)
1659819091.408580 sending message 105 to peer 0x130008000 (26 bytes)
1659819091.408584 sending message 105 to peer 0x130008000 (55 bytes)
1659819091.408589 sending message 105 to peer 0x130008000 (12 bytes)
1659819091.408593 sending message 105 to peer 0x130008000 (53 bytes)
1659819091.408598 sending message 105 to peer 0x130008000 (13 bytes)
1659819091.408602 sending message 105 to peer 0x130008000 (38 bytes)
1659819091.408619 sending message 105 to peer 0x130008000 (66 bytes)
1659819091.408624 sending message 105 to peer 0x130008000 (16 bytes)
1659819091.408628 sending message 105 to peer 0x130008000 (21 bytes)
1659819091.408632 sending message 105 to peer 0x130008000 (57 bytes)
1659819091.408637 sending message 105 to peer 0x130008000 (8 bytes)
1659819091.408641 sending message 105 to peer 0x130008000 (20 bytes)
1659819091.408646 sending message 106 to peer 0x130008000 (0 bytes)
1659819091.408693 sending message 200 to peer 0x130008000 (4 bytes)
1659819091.408700 client loop enter
1659819091.408852 peer 0x130008000 message 303
1659819091.408876 open write file 2 -
1659819091.408895 sending message 305 to peer 0x130008000 (8 bytes)
1659819091.408910 write check file 2
1659819091.408946 peer 0x130008000 message 304
1659819091.408952 write 58 to file 2
1659819091.408958 peer 0x130008000 message 203
1659819091.408963 file 2 58 bytes left
1659819091.408978 write check file 2
1659819091.408983 client loop exit
